# JRE version: OpenJDK Runtime Environment Temurin-17.0.9+9 (17.0.9+9) (build 17.0.9+9)
# Java VM: OpenJDK 64-Bit Server VM Temurin-17.0.9+9 (17.0.9+9, mixed mode, emulated-client, tiered, compressed oops, compressed class ptrs, g1 gc, windows-amd64)
GC Precious Log:
 CPUs: 4 total, 4 available
 Memory: 3971M
 Large Page Support: Disabled
 NUMA Support: Disabled
 Compressed Oops: Enabled (32-bit)
 Heap Region Size: 1M
 Heap Min Capacity: 8M
 Heap Initial Capacity: 64M
 Heap Max Capacity: 994M
 Pre-touch: Disabled
 Parallel Workers: 4
 Concurrent Workers: 1
 Concurrent Refinement Workers: 4
 Periodic GC: Disabled
Heap:
 garbage-first heap   total 96256K, used 49918K [0x00000000c1e00000, 0x0000000100000000)
  region size 1024K, 25 young (25600K), 4 survivors (4096K)
 Metaspace       used 81415K, committed 82048K, reserved 1179648K
  class space    used 10874K, committed 11200K, reserved 1048576K
GC Heap History (20 events):
Event: 398.274 GC heap before
{Heap before GC invocations=33 (full 1):
 garbage-first heap   total 81920K, used 34440K [0x00000000c1e00000, 0x0000000100000000)
  region size 1024K, 6 young (6144K), 3 survivors (3072K)
 Metaspace       used 80682K, committed 81216K, reserved 1179648K
  class space    used 10792K, committed 11072K, reserved 1048576K
}
Event: 398.342 GC heap after
{Heap after GC invocations=34 (full 2):
 garbage-first heap   total 81920K, used 25871K [0x00000000c1e00000, 0x0000000100000000)
  region size 1024K, 0 young (0K), 0 survivors (0K)
 Metaspace       used 80621K, committed 81216K, reserved 1179648K
  class space    used 10778K, committed 11072K, reserved 1048576K
}
Event: 399.192 GC heap before
{Heap before GC invocations=34 (full 2):
 garbage-first heap   total 81920K, used 63759K [0x00000000c1e00000, 0x0000000100000000)
  region size 1024K, 38 young (38912K), 0 survivors (0K)
 Metaspace       used 80660K, committed 81216K, reserved 1179648K
  class space    used 10783K, committed 11072K, reserved 1048576K
}
Event: 399.197 GC heap after
{Heap after GC invocations=35 (full 2):
 garbage-first heap   total 81920K, used 29073K [0x00000000c1e00000, 0x0000000100000000)
  region size 1024K, 4 young (4096K), 4 survivors (4096K)
 Metaspace       used 80660K, committed 81216K, reserved 1179648K
  class space    used 10783K, committed 11072K, reserved 1048576K
}
Event: 399.716 GC heap before
{Heap before GC invocations=35 (full 2):
 garbage-first heap   total 81920K, used 62865K [0x00000000c1e00000, 0x0000000100000000)
  region size 1024K, 38 young (38912K), 4 survivors (4096K)
 Metaspace       used 80809K, committed 81344K, reserved 1179648K
  class space    used 10794K, committed 11072K, reserved 1048576K
}
Event: 399.722 GC heap after
{Heap after GC invocations=36 (full 2):
 garbage-first heap   total 81920K, used 30591K [0x00000000c1e00000, 0x0000000100000000)
  region size 1024K, 2 young (2048K), 2 survivors (2048K)
 Metaspace       used 80809K, committed 81344K, reserved 1179648K
  class space    used 10794K, committed 11072K, reserved 1048576K
}
Event: 400.030 GC heap before
{Heap before GC invocations=36 (full 2):
 garbage-first heap   total 81920K, used 64383K [0x00000000c1e00000, 0x0000000100000000)
  region size 1024K, 35 young (35840K), 2 survivors (2048K)
 Metaspace       used 80897K, committed 81472K, reserved 1179648K
  class space    used 10802K, committed 11072K, reserved 1048576K
}
Event: 400.037 GC heap after
{Heap after GC invocations=37 (full 2):
 garbage-first heap   total 81920K, used 31841K [0x00000000c1e00000, 0x0000000100000000)
  region size 1024K, 4 young (4096K), 4 survivors (4096K)
 Metaspace       used 80897K, committed 81472K, reserved 1179648K
  class space    used 10802K, committed 11072K, reserved 1048576K
}
Event: 546.718 GC heap before
{Heap before GC invocations=37 (full 2):
 garbage-first heap   total 81920K, used 48225K [0x00000000c1e00000, 0x0000000100000000)
  region size 1024K, 21 young (21504K), 4 survivors (4096K)
 Metaspace       used 81091K, committed 81664K, reserved 1179648K
  class space    used 10846K, committed 11136K, reserved 1048576K
}
Event: 546.815 GC heap after
{Heap after GC invocations=38 (full 3):
 garbage-first heap   total 81920K, used 26880K [0x00000000c1e00000, 0x0000000100000000)
  region size 1024K, 0 young (0K), 0 survivors (0K)
 Metaspace       used 81085K, committed 81664K, reserved 1179648K
  class space    used 10845K, committed 11136K, reserved 1048576K
}
Event: 548.923 GC heap before
{Heap before GC invocations=38 (full 3):
 garbage-first heap   total 81920K, used 64768K [0x00000000c1e00000, 0x0000000100000000)
  region size 1024K, 38 young (38912K), 0 survivors (0K)
 Metaspace       used 81137K, committed 81792K, reserved 1179648K
  class space    used 10852K, committed 11200K, reserved 1048576K
}
Event: 548.943 GC heap after
{Heap after GC invocations=39 (full 3):
 garbage-first heap   total 81920K, used 29952K [0x00000000c1e00000, 0x0000000100000000)
  region size 1024K, 3 young (3072K), 3 survivors (3072K)
 Metaspace       used 81137K, committed 81792K, reserved 1179648K
  class space    used 10852K, committed 11200K, reserved 1048576K
}
Event: 549.823 GC heap before
{Heap before GC invocations=39 (full 3):
 garbage-first heap   total 81920K, used 64768K [0x00000000c1e00000, 0x0000000100000000)
  region size 1024K, 38 young (38912K), 3 survivors (3072K)
 Metaspace       used 81291K, committed 81920K, reserved 1179648K
  class space    used 10867K, committed 11200K, reserved 1048576K
}
Event: 549.836 GC heap after
{Heap after GC invocations=40 (full 3):
 garbage-first heap   total 81920K, used 31559K [0x00000000c1e00000, 0x0000000100000000)
  region size 1024K, 2 young (2048K), 2 survivors (2048K)
 Metaspace       used 81291K, committed 81920K, reserved 1179648K
  class space    used 10867K, committed 11200K, reserved 1048576K
}
Event: 550.265 GC heap before
{Heap before GC invocations=40 (full 3):
 garbage-first heap   total 81920K, used 66375K [0x00000000c1e00000, 0x0000000100000000)
  region size 1024K, 36 young (36864K), 2 survivors (2048K)
 Metaspace       used 81372K, committed 81984K, reserved 1179648K
  class space    used 10871K, committed 11200K, reserved 1048576K
}
Event: 550.273 GC heap after
{Heap after GC invocations=41 (full 3):
 garbage-first heap   total 98304K, used 32916K [0x00000000c1e00000, 0x0000000100000000)
  region size 1024K, 4 young (4096K), 4 survivors (4096K)
 Metaspace       used 81372K, committed 81984K, reserved 1179648K
  class space    used 10871K, committed 11200K, reserved 1048576K
}
Event: 551.894 GC heap before
{Heap before GC invocations=41 (full 3):
 garbage-first heap   total 98304K, used 40084K [0x00000000c1e00000, 0x0000000100000000)
  region size 1024K, 12 young (12288K), 4 survivors (4096K)
 Metaspace       used 81375K, committed 81984K, reserved 1179648K
  class space    used 10872K, committed 11200K, reserved 1048576K
}
Event: 551.966 GC heap after
{Heap after GC invocations=42 (full 4):
 garbage-first heap   total 96256K, used 26077K [0x00000000c1e00000, 0x0000000100000000)
  region size 1024K, 0 young (0K), 0 survivors (0K)
 Metaspace       used 81322K, committed 81984K, reserved 1179648K
  class space    used 10860K, committed 11200K, reserved 1048576K
}
Event: 553.024 GC heap before
{Heap before GC invocations=42 (full 4):
 garbage-first heap   total 96256K, used 73181K [0x00000000c1e00000, 0x0000000100000000)
  region size 1024K, 47 young (48128K), 0 survivors (0K)
 Metaspace       used 81379K, committed 81984K, reserved 1179648K
  class space    used 10869K, committed 11200K, reserved 1048576K
}
Event: 553.029 GC heap after
{Heap after GC invocations=43 (full 4):
 garbage-first heap   total 96256K, used 29438K [0x00000000c1e00000, 0x0000000100000000)
  region size 1024K, 4 young (4096K), 4 survivors (4096K)
 Metaspace       used 81379K, committed 81984K, reserved 1179648K
  class space    used 10869K, committed 11200K, reserved 1048576K
}

