# JRE version: OpenJDK Runtime Environment Temurin-21.0.4+7 (21.0.4+7) (build 21.0.4+7-LTS)
# Java VM: OpenJDK 64-Bit Server VM Temurin-21.0.4+7 (21.0.4+7-LTS, mixed mode, emulated-client, tiered, compressed oops, compressed class ptrs, g1 gc, windows-amd64)
GC Precious Log:
 CardTable entry size: 512
 Card Set container configuration: InlinePtr #cards 4 size 8 Array Of Cards #cards 16 size 48 Howl #buckets 8 coarsen threshold 3686 Howl Bitmap #cards 512 size 80 coarsen threshold 460 Card regions per heap region 1 cards per card region 4096
 CPUs: 8 total, 8 available
 Memory: 16172M
 Large Page Support: Disabled
 NUMA Support: Disabled
 Compressed Oops: Enabled (Zero based)
 Heap Region Size: 2M
 Heap Min Capacity: 8M
 Heap Initial Capacity: 254M
 Heap Max Capacity: 4044M
 Pre-touch: Disabled
 Parallel Workers: 8
 Concurrent Workers: 2
 Concurrent Refinement Workers: 8
 Periodic GC: Disabled
Heap:
 garbage-first heap   total 108544K, used 46652K [0x0000000703400000, 0x0000000800000000)
  region size 2048K, 10 young (20480K), 2 survivors (4096K)
 Metaspace       used 83342K, committed 84416K, reserved 1179648K
  class space    used 10887K, committed 11328K, reserved 1048576K
GC Heap History (20 events):
Event: 4.167 GC heap before
{Heap before GC invocations=15 (full 0):
 garbage-first heap   total 161792K, used 78605K [0x0000000703400000, 0x0000000800000000)
  region size 2048K, 32 young (65536K), 4 survivors (8192K)
 Metaspace       used 59493K, committed 60096K, reserved 1114112K
  class space    used 7460K, committed 7744K, reserved 1048576K
}
Event: 4.172 GC heap after
{Heap after GC invocations=16 (full 0):
 garbage-first heap   total 161792K, used 24777K [0x0000000703400000, 0x0000000800000000)
  region size 2048K, 4 young (8192K), 4 survivors (8192K)
 Metaspace       used 59493K, committed 60096K, reserved 1114112K
  class space    used 7460K, committed 7744K, reserved 1048576K
}
Event: 4.456 GC heap before
{Heap before GC invocations=17 (full 0):
 garbage-first heap   total 90112K, used 69833K [0x0000000703400000, 0x0000000800000000)
  region size 2048K, 26 young (53248K), 4 survivors (8192K)
 Metaspace       used 64053K, committed 64768K, reserved 1114112K
  class space    used 8135K, committed 8448K, reserved 1048576K
}
Event: 4.461 GC heap after
{Heap after GC invocations=18 (full 0):
 garbage-first heap   total 90112K, used 26075K [0x0000000703400000, 0x0000000800000000)
  region size 2048K, 2 young (4096K), 2 survivors (4096K)
 Metaspace       used 64053K, committed 64768K, reserved 1114112K
  class space    used 8135K, committed 8448K, reserved 1048576K
}
Event: 4.845 GC heap before
{Heap before GC invocations=18 (full 0):
 garbage-first heap   total 90112K, used 73179K [0x0000000703400000, 0x0000000800000000)
  region size 2048K, 26 young (53248K), 2 survivors (4096K)
 Metaspace       used 68771K, committed 69440K, reserved 1114112K
  class space    used 8915K, committed 9216K, reserved 1048576K
}
Event: 4.848 GC heap after
{Heap after GC invocations=19 (full 0):
 garbage-first heap   total 90112K, used 26915K [0x0000000703400000, 0x0000000800000000)
  region size 2048K, 3 young (6144K), 3 survivors (6144K)
 Metaspace       used 68771K, committed 69440K, reserved 1114112K
  class space    used 8915K, committed 9216K, reserved 1048576K
}
Event: 5.225 GC heap before
{Heap before GC invocations=19 (full 0):
 garbage-first heap   total 90112K, used 74019K [0x0000000703400000, 0x0000000800000000)
  region size 2048K, 26 young (53248K), 3 survivors (6144K)
 Metaspace       used 73267K, committed 74048K, reserved 1114112K
  class space    used 9463K, committed 9792K, reserved 1048576K
}
Event: 5.229 GC heap after
{Heap after GC invocations=20 (full 0):
 garbage-first heap   total 90112K, used 28417K [0x0000000703400000, 0x0000000800000000)
  region size 2048K, 3 young (6144K), 3 survivors (6144K)
 Metaspace       used 73267K, committed 74048K, reserved 1114112K
  class space    used 9463K, committed 9792K, reserved 1048576K
}
Event: 5.510 GC heap before
{Heap before GC invocations=20 (full 0):
 garbage-first heap   total 90112K, used 75521K [0x0000000703400000, 0x0000000800000000)
  region size 2048K, 26 young (53248K), 3 survivors (6144K)
 Metaspace       used 74647K, committed 75392K, reserved 1179648K
  class space    used 9699K, committed 10048K, reserved 1048576K
}
Event: 5.515 GC heap after
{Heap after GC invocations=21 (full 0):
 garbage-first heap   total 90112K, used 30086K [0x0000000703400000, 0x0000000800000000)
  region size 2048K, 3 young (6144K), 3 survivors (6144K)
 Metaspace       used 74647K, committed 75392K, reserved 1179648K
  class space    used 9699K, committed 10048K, reserved 1048576K
}
Event: 5.839 GC heap before
{Heap before GC invocations=21 (full 0):
 garbage-first heap   total 90112K, used 75142K [0x0000000703400000, 0x0000000800000000)
  region size 2048K, 25 young (51200K), 3 survivors (6144K)
 Metaspace       used 76917K, committed 77632K, reserved 1179648K
  class space    used 10029K, committed 10368K, reserved 1048576K
}
Event: 5.844 GC heap after
{Heap after GC invocations=22 (full 0):
 garbage-first heap   total 108544K, used 32644K [0x0000000703400000, 0x0000000800000000)
  region size 2048K, 4 young (8192K), 4 survivors (8192K)
 Metaspace       used 76917K, committed 77632K, reserved 1179648K
  class space    used 10029K, committed 10368K, reserved 1048576K
}
Event: 119.970 GC heap before
{Heap before GC invocations=22 (full 0):
 garbage-first heap   total 108544K, used 85892K [0x0000000703400000, 0x0000000800000000)
  region size 2048K, 31 young (63488K), 4 survivors (8192K)
 Metaspace       used 82099K, committed 82944K, reserved 1179648K
  class space    used 10732K, committed 11136K, reserved 1048576K
}
Event: 119.975 GC heap after
{Heap after GC invocations=23 (full 0):
 garbage-first heap   total 108544K, used 33889K [0x0000000703400000, 0x0000000800000000)
  region size 2048K, 3 young (6144K), 3 survivors (6144K)
 Metaspace       used 82099K, committed 82944K, reserved 1179648K
  class space    used 10732K, committed 11136K, reserved 1048576K
}
Event: 1362.341 GC heap before
{Heap before GC invocations=23 (full 0):
 garbage-first heap   total 108544K, used 89185K [0x0000000703400000, 0x0000000800000000)
  region size 2048K, 31 young (63488K), 3 survivors (6144K)
 Metaspace       used 83561K, committed 84416K, reserved 1179648K
  class space    used 10953K, committed 11328K, reserved 1048576K
}
Event: 1362.345 GC heap after
{Heap after GC invocations=24 (full 0):
 garbage-first heap   total 108544K, used 34278K [0x0000000703400000, 0x0000000800000000)
  region size 2048K, 3 young (6144K), 3 survivors (6144K)
 Metaspace       used 83561K, committed 84416K, reserved 1179648K
  class space    used 10953K, committed 11328K, reserved 1048576K
}
Event: 3024.806 GC heap before
{Heap before GC invocations=25 (full 0):
 garbage-first heap   total 108544K, used 91622K [0x0000000703400000, 0x0000000800000000)
  region size 2048K, 31 young (63488K), 3 survivors (6144K)
 Metaspace       used 83247K, committed 84416K, reserved 1179648K
  class space    used 10872K, committed 11328K, reserved 1048576K
}
Event: 3024.813 GC heap after
{Heap after GC invocations=26 (full 0):
 garbage-first heap   total 108544K, used 34645K [0x0000000703400000, 0x0000000800000000)
  region size 2048K, 3 young (6144K), 3 survivors (6144K)
 Metaspace       used 83247K, committed 84416K, reserved 1179648K
  class space    used 10872K, committed 11328K, reserved 1048576K
}
Event: 7138.431 GC heap before
{Heap before GC invocations=26 (full 0):
 garbage-first heap   total 108544K, used 91989K [0x0000000703400000, 0x0000000800000000)
  region size 2048K, 31 young (63488K), 3 survivors (6144K)
 Metaspace       used 83314K, committed 84416K, reserved 1179648K
  class space    used 10885K, committed 11328K, reserved 1048576K
}
Event: 7138.469 GC heap after
{Heap after GC invocations=27 (full 0):
 garbage-first heap   total 108544K, used 34364K [0x0000000703400000, 0x0000000800000000)
  region size 2048K, 2 young (4096K), 2 survivors (4096K)
 Metaspace       used 83314K, committed 84416K, reserved 1179648K
  class space    used 10885K, committed 11328K, reserved 1048576K
}

