# JRE version: OpenJDK Runtime Environment Temurin-21.0.4+7 (21.0.4+7) (build 21.0.4+7-LTS)
# Java VM: OpenJDK 64-Bit Server VM Temurin-21.0.4+7 (21.0.4+7-LTS, mixed mode, emulated-client, tiered, compressed oops, compressed class ptrs, g1 gc, windows-amd64)
GC Precious Log:
 CardTable entry size: 512
 Card Set container configuration: InlinePtr #cards 4 size 8 Array Of Cards #cards 16 size 48 Howl #buckets 8 coarsen threshold 3686 Howl Bitmap #cards 512 size 80 coarsen threshold 460 Card regions per heap region 1 cards per card region 4096
 CPUs: 8 total, 8 available
 Memory: 16172M
 Large Page Support: Disabled
 NUMA Support: Disabled
 Compressed Oops: Enabled (Zero based)
 Heap Region Size: 2M
 Heap Min Capacity: 8M
 Heap Initial Capacity: 254M
 Heap Max Capacity: 4044M
 Pre-touch: Disabled
 Parallel Workers: 8
 Concurrent Workers: 2
 Concurrent Refinement Workers: 8
 Periodic GC: Disabled
Heap:
 garbage-first heap   total 96256K, used 74864K [0x0000000703400000, 0x0000000800000000)
  region size 2048K, 26 young (53248K), 4 survivors (8192K)
 Metaspace       used 83354K, committed 84160K, reserved 1179648K
  class space    used 10920K, committed 11264K, reserved 1048576K
GC Heap History (20 events):
Event: 2.802 GC heap before
{Heap before GC invocations=11 (full 0):
 garbage-first heap   total 61440K, used 44539K [0x0000000703400000, 0x0000000800000000)
  region size 2048K, 18 young (36864K), 4 survivors (8192K)
 Metaspace       used 38396K, committed 38912K, reserved 1114112K
  class space    used 4616K, committed 4864K, reserved 1048576K
}
Event: 2.808 GC heap after
{Heap after GC invocations=12 (full 0):
 garbage-first heap   total 61440K, used 17193K [0x0000000703400000, 0x0000000800000000)
  region size 2048K, 2 young (4096K), 2 survivors (4096K)
 Metaspace       used 38396K, committed 38912K, reserved 1114112K
  class space    used 4616K, committed 4864K, reserved 1048576K
}
Event: 3.134 GC heap before
{Heap before GC invocations=12 (full 0):
 garbage-first heap   total 61440K, used 49961K [0x0000000703400000, 0x0000000800000000)
  region size 2048K, 18 young (36864K), 2 survivors (4096K)
 Metaspace       used 40817K, committed 41408K, reserved 1114112K
  class space    used 4951K, committed 5248K, reserved 1048576K
}
Event: 3.137 GC heap after
{Heap after GC invocations=13 (full 0):
 garbage-first heap   total 61440K, used 19450K [0x0000000703400000, 0x0000000800000000)
  region size 2048K, 3 young (6144K), 3 survivors (6144K)
 Metaspace       used 40817K, committed 41408K, reserved 1114112K
  class space    used 4951K, committed 5248K, reserved 1048576K
}
Event: 3.487 GC heap before
{Heap before GC invocations=13 (full 0):
 garbage-first heap   total 61440K, used 48122K [0x0000000703400000, 0x0000000800000000)
  region size 2048K, 17 young (34816K), 3 survivors (6144K)
 Metaspace       used 42989K, committed 43584K, reserved 1114112K
  class space    used 5213K, committed 5504K, reserved 1048576K
}
Event: 3.491 GC heap after
{Heap after GC invocations=14 (full 0):
 garbage-first heap   total 161792K, used 20526K [0x0000000703400000, 0x0000000800000000)
  region size 2048K, 2 young (4096K), 2 survivors (4096K)
 Metaspace       used 42989K, committed 43584K, reserved 1114112K
  class space    used 5213K, committed 5504K, reserved 1048576K
}
Event: 4.241 GC heap before
{Heap before GC invocations=14 (full 0):
 garbage-first heap   total 161792K, used 110638K [0x0000000703400000, 0x0000000800000000)
  region size 2048K, 47 young (96256K), 2 survivors (4096K)
 Metaspace       used 51581K, committed 52224K, reserved 1114112K
  class space    used 6410K, committed 6656K, reserved 1048576K
}
Event: 4.245 GC heap after
{Heap after GC invocations=15 (full 0):
 garbage-first heap   total 161792K, used 22926K [0x0000000703400000, 0x0000000800000000)
  region size 2048K, 3 young (6144K), 3 survivors (6144K)
 Metaspace       used 51581K, committed 52224K, reserved 1114112K
  class space    used 6410K, committed 6656K, reserved 1048576K
}
Event: 4.848 GC heap before
{Heap before GC invocations=15 (full 0):
 garbage-first heap   total 161792K, used 82318K [0x0000000703400000, 0x0000000800000000)
  region size 2048K, 33 young (67584K), 3 survivors (6144K)
 Metaspace       used 59891K, committed 60480K, reserved 1114112K
  class space    used 7513K, committed 7808K, reserved 1048576K
}
Event: 4.853 GC heap after
{Heap after GC invocations=16 (full 0):
 garbage-first heap   total 161792K, used 25503K [0x0000000703400000, 0x0000000800000000)
  region size 2048K, 5 young (10240K), 5 survivors (10240K)
 Metaspace       used 59891K, committed 60480K, reserved 1114112K
  class space    used 7513K, committed 7808K, reserved 1048576K
}
Event: 5.186 GC heap before
{Heap before GC invocations=17 (full 0):
 garbage-first heap   total 96256K, used 70559K [0x0000000703400000, 0x0000000800000000)
  region size 2048K, 28 young (57344K), 5 survivors (10240K)
 Metaspace       used 65258K, committed 65920K, reserved 1114112K
  class space    used 8282K, committed 8576K, reserved 1048576K
}
Event: 5.192 GC heap after
{Heap after GC invocations=18 (full 0):
 garbage-first heap   total 96256K, used 26266K [0x0000000703400000, 0x0000000800000000)
  region size 2048K, 2 young (4096K), 2 survivors (4096K)
 Metaspace       used 65258K, committed 65920K, reserved 1114112K
  class space    used 8282K, committed 8576K, reserved 1048576K
}
Event: 5.613 GC heap before
{Heap before GC invocations=18 (full 0):
 garbage-first heap   total 96256K, used 77466K [0x0000000703400000, 0x0000000800000000)
  region size 2048K, 28 young (57344K), 2 survivors (4096K)
 Metaspace       used 70112K, committed 70784K, reserved 1114112K
  class space    used 9114K, committed 9408K, reserved 1048576K
}
Event: 5.616 GC heap after
{Heap after GC invocations=19 (full 0):
 garbage-first heap   total 96256K, used 27391K [0x0000000703400000, 0x0000000800000000)
  region size 2048K, 3 young (6144K), 3 survivors (6144K)
 Metaspace       used 70112K, committed 70784K, reserved 1114112K
  class space    used 9114K, committed 9408K, reserved 1048576K
}
Event: 6.072 GC heap before
{Heap before GC invocations=19 (full 0):
 garbage-first heap   total 96256K, used 78591K [0x0000000703400000, 0x0000000800000000)
  region size 2048K, 28 young (57344K), 3 survivors (6144K)
 Metaspace       used 74083K, committed 74752K, reserved 1179648K
  class space    used 9626K, committed 9920K, reserved 1048576K
}
Event: 6.076 GC heap after
{Heap after GC invocations=20 (full 0):
 garbage-first heap   total 96256K, used 29141K [0x0000000703400000, 0x0000000800000000)
  region size 2048K, 4 young (8192K), 4 survivors (8192K)
 Metaspace       used 74083K, committed 74752K, reserved 1179648K
  class space    used 9626K, committed 9920K, reserved 1048576K
}
Event: 6.404 GC heap before
{Heap before GC invocations=20 (full 0):
 garbage-first heap   total 96256K, used 78293K [0x0000000703400000, 0x0000000800000000)
  region size 2048K, 28 young (57344K), 4 survivors (8192K)
 Metaspace       used 75680K, committed 76480K, reserved 1179648K
  class space    used 9851K, committed 10240K, reserved 1048576K
}
Event: 6.409 GC heap after
{Heap after GC invocations=21 (full 0):
 garbage-first heap   total 96256K, used 31073K [0x0000000703400000, 0x0000000800000000)
  region size 2048K, 3 young (6144K), 3 survivors (6144K)
 Metaspace       used 75680K, committed 76480K, reserved 1179648K
  class space    used 9851K, committed 10240K, reserved 1048576K
}
Event: 19.844 GC heap before
{Heap before GC invocations=21 (full 0):
 garbage-first heap   total 96256K, used 80225K [0x0000000703400000, 0x0000000800000000)
  region size 2048K, 28 young (57344K), 3 survivors (6144K)
 Metaspace       used 79071K, committed 79744K, reserved 1179648K
  class space    used 10323K, committed 10624K, reserved 1048576K
}
Event: 19.849 GC heap after
{Heap after GC invocations=22 (full 0):
 garbage-first heap   total 96256K, used 33904K [0x0000000703400000, 0x0000000800000000)
  region size 2048K, 4 young (8192K), 4 survivors (8192K)
 Metaspace       used 79071K, committed 79744K, reserved 1179648K
  class space    used 10323K, committed 10624K, reserved 1048576K
}

