# JRE version: OpenJDK Runtime Environment Temurin-21.0.4+7 (21.0.4+7) (build 21.0.4+7-LTS)
# Java VM: OpenJDK 64-Bit Server VM Temurin-21.0.4+7 (21.0.4+7-LTS, mixed mode, emulated-client, tiered, compressed oops, compressed class ptrs, g1 gc, windows-amd64)
GC Precious Log:
 CardTable entry size: 512
 Card Set container configuration: InlinePtr #cards 4 size 8 Array Of Cards #cards 16 size 48 Howl #buckets 8 coarsen threshold 3686 Howl Bitmap #cards 512 size 80 coarsen threshold 460 Card regions per heap region 1 cards per card region 4096
 CPUs: 8 total, 8 available
 Memory: 16172M
 Large Page Support: Disabled
 NUMA Support: Disabled
 Compressed Oops: Enabled (Zero based)
 Heap Region Size: 2M
 Heap Min Capacity: 8M
 Heap Initial Capacity: 254M
 Heap Max Capacity: 4044M
 Pre-touch: Disabled
 Parallel Workers: 8
 Concurrent Workers: 2
 Concurrent Refinement Workers: 8
 Periodic GC: Disabled
Heap:
 garbage-first heap   total 59392K, used 46235K [0x0000000703400000, 0x0000000800000000)
  region size 2048K, 10 young (20480K), 2 survivors (4096K)
 Metaspace       used 82760K, committed 83584K, reserved 1179648K
  class space    used 10881K, committed 11200K, reserved 1048576K
GC Heap History (20 events):
Event: 139.802 GC heap before
{Heap before GC invocations=63 (full 0):
 garbage-first heap   total 55296K, used 46503K [0x0000000703400000, 0x0000000800000000)
  region size 2048K, 9 young (18432K), 1 survivors (2048K)
 Metaspace       used 78734K, committed 79360K, reserved 1179648K
  class space    used 10333K, committed 10624K, reserved 1048576K
}
Event: 139.806 GC heap after
{Heap after GC invocations=64 (full 0):
 garbage-first heap   total 55296K, used 32455K [0x0000000703400000, 0x0000000800000000)
  region size 2048K, 2 young (4096K), 2 survivors (4096K)
 Metaspace       used 78734K, committed 79360K, reserved 1179648K
  class space    used 10333K, committed 10624K, reserved 1048576K
}
Event: 139.959 GC heap before
{Heap before GC invocations=64 (full 0):
 garbage-first heap   total 55296K, used 42695K [0x0000000703400000, 0x0000000800000000)
  region size 2048K, 8 young (16384K), 2 survivors (4096K)
 Metaspace       used 80108K, committed 80768K, reserved 1179648K
  class space    used 10537K, committed 10816K, reserved 1048576K
}
Event: 139.962 GC heap after
{Heap after GC invocations=65 (full 0):
 garbage-first heap   total 55296K, used 32916K [0x0000000703400000, 0x0000000800000000)
  region size 2048K, 1 young (2048K), 1 survivors (2048K)
 Metaspace       used 80108K, committed 80768K, reserved 1179648K
  class space    used 10537K, committed 10816K, reserved 1048576K
}
Event: 140.303 GC heap before
{Heap before GC invocations=66 (full 0):
 garbage-first heap   total 59392K, used 45204K [0x0000000703400000, 0x0000000800000000)
  region size 2048K, 8 young (16384K), 1 survivors (2048K)
 Metaspace       used 81614K, committed 82240K, reserved 1179648K
  class space    used 10731K, committed 11008K, reserved 1048576K
}
Event: 140.305 GC heap after
{Heap after GC invocations=67 (full 0):
 garbage-first heap   total 59392K, used 32639K [0x0000000703400000, 0x0000000800000000)
  region size 2048K, 1 young (2048K), 1 survivors (2048K)
 Metaspace       used 81614K, committed 82240K, reserved 1179648K
  class space    used 10731K, committed 11008K, reserved 1048576K
}
Event: 654.312 GC heap before
{Heap before GC invocations=67 (full 0):
 garbage-first heap   total 59392K, used 51071K [0x0000000703400000, 0x0000000800000000)
  region size 2048K, 10 young (20480K), 1 survivors (2048K)
 Metaspace       used 82112K, committed 82752K, reserved 1179648K
  class space    used 10808K, committed 11072K, reserved 1048576K
}
Event: 654.325 GC heap after
{Heap after GC invocations=68 (full 0):
 garbage-first heap   total 59392K, used 32746K [0x0000000703400000, 0x0000000800000000)
  region size 2048K, 1 young (2048K), 1 survivors (2048K)
 Metaspace       used 82112K, committed 82752K, reserved 1179648K
  class space    used 10808K, committed 11072K, reserved 1048576K
}
Event: 1094.170 GC heap before
{Heap before GC invocations=68 (full 0):
 garbage-first heap   total 59392K, used 51178K [0x0000000703400000, 0x0000000800000000)
  region size 2048K, 10 young (20480K), 1 survivors (2048K)
 Metaspace       used 82861K, committed 83520K, reserved 1179648K
  class space    used 10912K, committed 11200K, reserved 1048576K
}
Event: 1094.245 GC heap after
{Heap after GC invocations=69 (full 0):
 garbage-first heap   total 59392K, used 32703K [0x0000000703400000, 0x0000000800000000)
  region size 2048K, 1 young (2048K), 1 survivors (2048K)
 Metaspace       used 82861K, committed 83520K, reserved 1179648K
  class space    used 10912K, committed 11200K, reserved 1048576K
}
Event: 1815.340 GC heap before
{Heap before GC invocations=70 (full 0):
 garbage-first heap   total 59392K, used 51135K [0x0000000703400000, 0x0000000800000000)
  region size 2048K, 10 young (20480K), 1 survivors (2048K)
 Metaspace       used 82711K, committed 83584K, reserved 1179648K
  class space    used 10874K, committed 11200K, reserved 1048576K
}
Event: 1815.342 GC heap after
{Heap after GC invocations=71 (full 0):
 garbage-first heap   total 59392K, used 32627K [0x0000000703400000, 0x0000000800000000)
  region size 2048K, 1 young (2048K), 1 survivors (2048K)
 Metaspace       used 82711K, committed 83584K, reserved 1179648K
  class space    used 10874K, committed 11200K, reserved 1048576K
}
Event: 2391.671 GC heap before
{Heap before GC invocations=71 (full 0):
 garbage-first heap   total 59392K, used 51059K [0x0000000703400000, 0x0000000800000000)
  region size 2048K, 10 young (20480K), 1 survivors (2048K)
 Metaspace       used 82715K, committed 83584K, reserved 1179648K
  class space    used 10875K, committed 11200K, reserved 1048576K
}
Event: 2391.706 GC heap after
{Heap after GC invocations=72 (full 0):
 garbage-first heap   total 59392K, used 31655K [0x0000000703400000, 0x0000000800000000)
  region size 2048K, 1 young (2048K), 1 survivors (2048K)
 Metaspace       used 82715K, committed 83584K, reserved 1179648K
  class space    used 10875K, committed 11200K, reserved 1048576K
}
Event: 3207.913 GC heap before
{Heap before GC invocations=72 (full 0):
 garbage-first heap   total 59392K, used 52135K [0x0000000703400000, 0x0000000800000000)
  region size 2048K, 11 young (22528K), 1 survivors (2048K)
 Metaspace       used 82715K, committed 83584K, reserved 1179648K
  class space    used 10875K, committed 11200K, reserved 1048576K
}
Event: 3208.023 GC heap after
{Heap after GC invocations=73 (full 0):
 garbage-first heap   total 59392K, used 31505K [0x0000000703400000, 0x0000000800000000)
  region size 2048K, 1 young (2048K), 1 survivors (2048K)
 Metaspace       used 82715K, committed 83584K, reserved 1179648K
  class space    used 10875K, committed 11200K, reserved 1048576K
}
Event: 3861.716 GC heap before
{Heap before GC invocations=73 (full 0):
 garbage-first heap   total 59392K, used 51985K [0x0000000703400000, 0x0000000800000000)
  region size 2048K, 11 young (22528K), 1 survivors (2048K)
 Metaspace       used 82717K, committed 83584K, reserved 1179648K
  class space    used 10875K, committed 11200K, reserved 1048576K
}
Event: 3861.742 GC heap after
{Heap after GC invocations=74 (full 0):
 garbage-first heap   total 59392K, used 32024K [0x0000000703400000, 0x0000000800000000)
  region size 2048K, 2 young (4096K), 2 survivors (4096K)
 Metaspace       used 82717K, committed 83584K, reserved 1179648K
  class space    used 10875K, committed 11200K, reserved 1048576K
}
Event: 4475.005 GC heap before
{Heap before GC invocations=75 (full 0):
 garbage-first heap   total 59392K, used 48408K [0x0000000703400000, 0x0000000800000000)
  region size 2048K, 10 young (20480K), 2 survivors (4096K)
 Metaspace       used 82723K, committed 83584K, reserved 1179648K
  class space    used 10877K, committed 11200K, reserved 1048576K
}
Event: 4475.008 GC heap after
{Heap after GC invocations=76 (full 0):
 garbage-first heap   total 59392K, used 31899K [0x0000000703400000, 0x0000000800000000)
  region size 2048K, 2 young (4096K), 2 survivors (4096K)
 Metaspace       used 82723K, committed 83584K, reserved 1179648K
  class space    used 10877K, committed 11200K, reserved 1048576K
}

