# JRE version: OpenJDK Runtime Environment Temurin-21.0.4+7 (21.0.4+7) (build 21.0.4+7-LTS)
# Java VM: OpenJDK 64-Bit Server VM Temurin-21.0.4+7 (21.0.4+7-LTS, mixed mode, emulated-client, tiered, compressed oops, compressed class ptrs, g1 gc, windows-amd64)
GC Precious Log:
 CardTable entry size: 512
 Card Set container configuration: InlinePtr #cards 4 size 8 Array Of Cards #cards 16 size 48 Howl #buckets 8 coarsen threshold 3686 Howl Bitmap #cards 512 size 80 coarsen threshold 460 Card regions per heap region 1 cards per card region 4096
 CPUs: 8 total, 8 available
 Memory: 16172M
 Large Page Support: Disabled
 NUMA Support: Disabled
 Compressed Oops: Enabled (Zero based)
 Heap Region Size: 2M
 Heap Min Capacity: 8M
 Heap Initial Capacity: 254M
 Heap Max Capacity: 4044M
 Pre-touch: Disabled
 Parallel Workers: 8
 Concurrent Workers: 2
 Concurrent Refinement Workers: 8
 Periodic GC: Disabled
Heap:
 garbage-first heap   total 102400K, used 74123K [0x0000000703400000, 0x0000000800000000)
  region size 2048K, 23 young (47104K), 3 survivors (6144K)
 Metaspace       used 83954K, committed 84800K, reserved 1179648K
  class space    used 11071K, committed 11456K, reserved 1048576K
GC Heap History (20 events):
Event: 4.154 GC heap after
{Heap after GC invocations=16 (full 0):
 garbage-first heap   total 161792K, used 25145K [0x0000000703400000, 0x0000000800000000)
  region size 2048K, 4 young (8192K), 4 survivors (8192K)
 Metaspace       used 59498K, committed 60096K, reserved 1114112K
  class space    used 7465K, committed 7744K, reserved 1048576K
}
Event: 4.444 GC heap before
{Heap before GC invocations=17 (full 0):
 garbage-first heap   total 90112K, used 68153K [0x0000000703400000, 0x0000000800000000)
  region size 2048K, 26 young (53248K), 4 survivors (8192K)
 Metaspace       used 64062K, committed 64768K, reserved 1114112K
  class space    used 8141K, committed 8448K, reserved 1048576K
}
Event: 4.449 GC heap after
{Heap after GC invocations=18 (full 0):
 garbage-first heap   total 90112K, used 26794K [0x0000000703400000, 0x0000000800000000)
  region size 2048K, 3 young (6144K), 3 survivors (6144K)
 Metaspace       used 64062K, committed 64768K, reserved 1114112K
  class space    used 8141K, committed 8448K, reserved 1048576K
}
Event: 4.820 GC heap before
{Heap before GC invocations=18 (full 0):
 garbage-first heap   total 90112K, used 73898K [0x0000000703400000, 0x0000000800000000)
  region size 2048K, 26 young (53248K), 3 survivors (6144K)
 Metaspace       used 68667K, committed 69376K, reserved 1114112K
  class space    used 8903K, committed 9216K, reserved 1048576K
}
Event: 4.824 GC heap after
{Heap after GC invocations=19 (full 0):
 garbage-first heap   total 90112K, used 26624K [0x0000000703400000, 0x0000000800000000)
  region size 2048K, 2 young (4096K), 2 survivors (4096K)
 Metaspace       used 68667K, committed 69376K, reserved 1114112K
  class space    used 8903K, committed 9216K, reserved 1048576K
}
Event: 5.217 GC heap before
{Heap before GC invocations=19 (full 0):
 garbage-first heap   total 90112K, used 75776K [0x0000000703400000, 0x0000000800000000)
  region size 2048K, 26 young (53248K), 2 survivors (4096K)
 Metaspace       used 73342K, committed 74048K, reserved 1114112K
  class space    used 9486K, committed 9792K, reserved 1048576K
}
Event: 5.221 GC heap after
{Heap after GC invocations=20 (full 0):
 garbage-first heap   total 90112K, used 28505K [0x0000000703400000, 0x0000000800000000)
  region size 2048K, 3 young (6144K), 3 survivors (6144K)
 Metaspace       used 73342K, committed 74048K, reserved 1114112K
  class space    used 9486K, committed 9792K, reserved 1048576K
}
Event: 5.488 GC heap before
{Heap before GC invocations=20 (full 0):
 garbage-first heap   total 90112K, used 75609K [0x0000000703400000, 0x0000000800000000)
  region size 2048K, 26 young (53248K), 3 survivors (6144K)
 Metaspace       used 74684K, committed 75456K, reserved 1179648K
  class space    used 9713K, committed 10048K, reserved 1048576K
}
Event: 5.492 GC heap after
{Heap after GC invocations=21 (full 0):
 garbage-first heap   total 90112K, used 29985K [0x0000000703400000, 0x0000000800000000)
  region size 2048K, 3 young (6144K), 3 survivors (6144K)
 Metaspace       used 74684K, committed 75456K, reserved 1179648K
  class space    used 9713K, committed 10048K, reserved 1048576K
}
Event: 5.820 GC heap before
{Heap before GC invocations=21 (full 0):
 garbage-first heap   total 90112K, used 75041K [0x0000000703400000, 0x0000000800000000)
  region size 2048K, 25 young (51200K), 3 survivors (6144K)
 Metaspace       used 76937K, committed 77632K, reserved 1179648K
  class space    used 10038K, committed 10368K, reserved 1048576K
}
Event: 5.824 GC heap after
{Heap after GC invocations=22 (full 0):
 garbage-first heap   total 108544K, used 32767K [0x0000000703400000, 0x0000000800000000)
  region size 2048K, 4 young (8192K), 4 survivors (8192K)
 Metaspace       used 76937K, committed 77632K, reserved 1179648K
  class space    used 10038K, committed 10368K, reserved 1048576K
}
Event: 10.446 GC heap before
{Heap before GC invocations=22 (full 0):
 garbage-first heap   total 108544K, used 45055K [0x0000000703400000, 0x0000000800000000)
  region size 2048K, 11 young (22528K), 4 survivors (8192K)
 Metaspace       used 77751K, committed 78528K, reserved 1179648K
  class space    used 10175K, committed 10560K, reserved 1048576K
}
Event: 10.481 GC heap after
{Heap after GC invocations=23 (full 1):
 garbage-first heap   total 102400K, used 26032K [0x0000000703400000, 0x0000000800000000)
  region size 2048K, 0 young (0K), 0 survivors (0K)
 Metaspace       used 77748K, committed 78528K, reserved 1179648K
  class space    used 10175K, committed 10560K, reserved 1048576K
}
Event: 11.040 GC heap before
{Heap before GC invocations=23 (full 1):
 garbage-first heap   total 102400K, used 85424K [0x0000000703400000, 0x0000000800000000)
  region size 2048K, 30 young (61440K), 0 survivors (0K)
 Metaspace       used 77852K, committed 78656K, reserved 1179648K
  class space    used 10188K, committed 10560K, reserved 1048576K
}
Event: 11.043 GC heap after
{Heap after GC invocations=24 (full 1):
 garbage-first heap   total 102400K, used 30274K [0x0000000703400000, 0x0000000800000000)
  region size 2048K, 3 young (6144K), 3 survivors (6144K)
 Metaspace       used 77852K, committed 78656K, reserved 1179648K
  class space    used 10188K, committed 10560K, reserved 1048576K
}
Event: 11.365 GC heap before
{Heap before GC invocations=24 (full 1):
 garbage-first heap   total 102400K, used 83522K [0x0000000703400000, 0x0000000800000000)
  region size 2048K, 29 young (59392K), 3 survivors (6144K)
 Metaspace       used 78240K, committed 78976K, reserved 1179648K
  class space    used 10220K, committed 10560K, reserved 1048576K
}
Event: 11.369 GC heap after
{Heap after GC invocations=25 (full 1):
 garbage-first heap   total 102400K, used 32176K [0x0000000703400000, 0x0000000800000000)
  region size 2048K, 3 young (6144K), 3 survivors (6144K)
 Metaspace       used 78240K, committed 78976K, reserved 1179648K
  class space    used 10220K, committed 10560K, reserved 1048576K
}
Event: 31.543 GC heap before
{Heap before GC invocations=25 (full 1):
 garbage-first heap   total 102400K, used 83376K [0x0000000703400000, 0x0000000800000000)
  region size 2048K, 29 young (59392K), 3 survivors (6144K)
 Metaspace       used 80619K, committed 81472K, reserved 1179648K
  class space    used 10562K, committed 10944K, reserved 1048576K
}
Event: 31.548 GC heap after
{Heap after GC invocations=26 (full 1):
 garbage-first heap   total 102400K, used 34347K [0x0000000703400000, 0x0000000800000000)
  region size 2048K, 3 young (6144K), 3 survivors (6144K)
 Metaspace       used 80619K, committed 81472K, reserved 1179648K
  class space    used 10562K, committed 10944K, reserved 1048576K
}
Event: 261.831 GC heap before
{Heap before GC invocations=26 (full 1):
 garbage-first heap   total 102400K, used 71211K [0x0000000703400000, 0x0000000800000000)
  region size 2048K, 23 young (47104K), 3 survivors (6144K)
 Metaspace       used 83954K, committed 84800K, reserved 1179648K
  class space    used 11071K, committed 11456K, reserved 1048576K
}

