# JRE version: OpenJDK Runtime Environment Temurin-21.0.4+7 (21.0.4+7) (build 21.0.4+7-LTS)
# Java VM: OpenJDK 64-Bit Server VM Temurin-21.0.4+7 (21.0.4+7-LTS, mixed mode, emulated-client, tiered, compressed oops, compressed class ptrs, g1 gc, windows-amd64)
GC Precious Log:
 CardTable entry size: 512
 Card Set container configuration: InlinePtr #cards 4 size 8 Array Of Cards #cards 16 size 48 Howl #buckets 8 coarsen threshold 3686 Howl Bitmap #cards 512 size 80 coarsen threshold 460 Card regions per heap region 1 cards per card region 4096
 CPUs: 8 total, 8 available
 Memory: 16172M
 Large Page Support: Disabled
 NUMA Support: Disabled
 Compressed Oops: Enabled (Zero based)
 Heap Region Size: 2M
 Heap Min Capacity: 8M
 Heap Initial Capacity: 254M
 Heap Max Capacity: 4044M
 Pre-touch: Disabled
 Parallel Workers: 8
 Concurrent Workers: 2
 Concurrent Refinement Workers: 8
 Periodic GC: Disabled
Heap:
 garbage-first heap   total 96256K, used 34821K [0x0000000703400000, 0x0000000800000000)
  region size 2048K, 4 young (8192K), 3 survivors (6144K)
 Metaspace       used 83652K, committed 84480K, reserved 1179648K
  class space    used 10910K, committed 11328K, reserved 1048576K
GC Heap History (20 events):
Event: 5.091 GC heap before
{Heap before GC invocations=15 (full 0):
 garbage-first heap   total 161792K, used 84286K [0x0000000703400000, 0x0000000800000000)
  region size 2048K, 34 young (69632K), 3 survivors (6144K)
 Metaspace       used 60034K, committed 60608K, reserved 1114112K
  class space    used 7519K, committed 7744K, reserved 1048576K
}
Event: 5.097 GC heap after
{Heap after GC invocations=16 (full 0):
 garbage-first heap   total 161792K, used 25679K [0x0000000703400000, 0x0000000800000000)
  region size 2048K, 5 young (10240K), 5 survivors (10240K)
 Metaspace       used 60034K, committed 60608K, reserved 1114112K
  class space    used 7519K, committed 7744K, reserved 1048576K
}
Event: 5.438 GC heap before
{Heap before GC invocations=17 (full 0):
 garbage-first heap   total 96256K, used 70735K [0x0000000703400000, 0x0000000800000000)
  region size 2048K, 28 young (57344K), 5 survivors (10240K)
 Metaspace       used 65377K, committed 66048K, reserved 1114112K
  class space    used 8304K, committed 8576K, reserved 1048576K
}
Event: 5.443 GC heap after
{Heap after GC invocations=18 (full 0):
 garbage-first heap   total 96256K, used 26303K [0x0000000703400000, 0x0000000800000000)
  region size 2048K, 2 young (4096K), 2 survivors (4096K)
 Metaspace       used 65377K, committed 66048K, reserved 1114112K
  class space    used 8304K, committed 8576K, reserved 1048576K
}
Event: 5.893 GC heap before
{Heap before GC invocations=18 (full 0):
 garbage-first heap   total 96256K, used 77503K [0x0000000703400000, 0x0000000800000000)
  region size 2048K, 28 young (57344K), 2 survivors (4096K)
 Metaspace       used 70262K, committed 70976K, reserved 1114112K
  class space    used 9143K, committed 9472K, reserved 1048576K
}
Event: 5.896 GC heap after
{Heap after GC invocations=19 (full 0):
 garbage-first heap   total 96256K, used 27289K [0x0000000703400000, 0x0000000800000000)
  region size 2048K, 3 young (6144K), 3 survivors (6144K)
 Metaspace       used 70262K, committed 70976K, reserved 1114112K
  class space    used 9143K, committed 9472K, reserved 1048576K
}
Event: 6.344 GC heap before
{Heap before GC invocations=19 (full 0):
 garbage-first heap   total 96256K, used 78489K [0x0000000703400000, 0x0000000800000000)
  region size 2048K, 28 young (57344K), 3 survivors (6144K)
 Metaspace       used 74116K, committed 74880K, reserved 1179648K
  class space    used 9627K, committed 9984K, reserved 1048576K
}
Event: 6.349 GC heap after
{Heap after GC invocations=20 (full 0):
 garbage-first heap   total 96256K, used 29284K [0x0000000703400000, 0x0000000800000000)
  region size 2048K, 2 young (4096K), 2 survivors (4096K)
 Metaspace       used 74116K, committed 74880K, reserved 1179648K
  class space    used 9627K, committed 9984K, reserved 1048576K
}
Event: 6.783 GC heap before
{Heap before GC invocations=20 (full 0):
 garbage-first heap   total 96256K, used 82532K [0x0000000703400000, 0x0000000800000000)
  region size 2048K, 28 young (57344K), 2 survivors (4096K)
 Metaspace       used 75795K, committed 76480K, reserved 1179648K
  class space    used 9868K, committed 10176K, reserved 1048576K
}
Event: 6.787 GC heap after
{Heap after GC invocations=21 (full 0):
 garbage-first heap   total 96256K, used 31482K [0x0000000703400000, 0x0000000800000000)
  region size 2048K, 3 young (6144K), 3 survivors (6144K)
 Metaspace       used 75795K, committed 76480K, reserved 1179648K
  class space    used 9868K, committed 10176K, reserved 1048576K
}
Event: 18.332 GC heap before
{Heap before GC invocations=21 (full 0):
 garbage-first heap   total 96256K, used 82682K [0x0000000703400000, 0x0000000800000000)
  region size 2048K, 28 young (57344K), 3 survivors (6144K)
 Metaspace       used 79587K, committed 80384K, reserved 1179648K
  class space    used 10403K, committed 10752K, reserved 1048576K
}
Event: 18.346 GC heap after
{Heap after GC invocations=22 (full 0):
 garbage-first heap   total 96256K, used 33714K [0x0000000703400000, 0x0000000800000000)
  region size 2048K, 3 young (6144K), 3 survivors (6144K)
 Metaspace       used 79587K, committed 80384K, reserved 1179648K
  class space    used 10403K, committed 10752K, reserved 1048576K
}
Event: 336.407 GC heap before
{Heap before GC invocations=22 (full 0):
 garbage-first heap   total 96256K, used 78770K [0x0000000703400000, 0x0000000800000000)
  region size 2048K, 26 young (53248K), 3 survivors (6144K)
 Metaspace       used 83458K, committed 84288K, reserved 1179648K
  class space    used 10949K, committed 11328K, reserved 1048576K
}
Event: 336.450 GC heap after
{Heap after GC invocations=23 (full 1):
 garbage-first heap   total 96256K, used 27213K [0x0000000703400000, 0x0000000800000000)
  region size 2048K, 0 young (0K), 0 survivors (0K)
 Metaspace       used 83455K, committed 84288K, reserved 1179648K
  class space    used 10948K, committed 11328K, reserved 1048576K
}
Event: 337.086 GC heap before
{Heap before GC invocations=23 (full 1):
 garbage-first heap   total 96256K, used 80461K [0x0000000703400000, 0x0000000800000000)
  region size 2048K, 27 young (55296K), 0 survivors (0K)
 Metaspace       used 83555K, committed 84352K, reserved 1179648K
  class space    used 10960K, committed 11328K, reserved 1048576K
}
Event: 337.089 GC heap after
{Heap after GC invocations=24 (full 1):
 garbage-first heap   total 96256K, used 30839K [0x0000000703400000, 0x0000000800000000)
  region size 2048K, 2 young (4096K), 2 survivors (4096K)
 Metaspace       used 83555K, committed 84352K, reserved 1179648K
  class space    used 10960K, committed 11328K, reserved 1048576K
}
Event: 339.956 GC heap before
{Heap before GC invocations=25 (full 1):
 garbage-first heap   total 96256K, used 77943K [0x0000000703400000, 0x0000000800000000)
  region size 2048K, 26 young (53248K), 2 survivors (4096K)
 Metaspace       used 83505K, committed 84480K, reserved 1179648K
  class space    used 10892K, committed 11328K, reserved 1048576K
}
Event: 339.960 GC heap after
{Heap after GC invocations=26 (full 1):
 garbage-first heap   total 96256K, used 33623K [0x0000000703400000, 0x0000000800000000)
  region size 2048K, 4 young (8192K), 4 survivors (8192K)
 Metaspace       used 83505K, committed 84480K, reserved 1179648K
  class space    used 10892K, committed 11328K, reserved 1048576K
}
Event: 467.453 GC heap before
{Heap before GC invocations=26 (full 1):
 garbage-first heap   total 96256K, used 74583K [0x0000000703400000, 0x0000000800000000)
  region size 2048K, 24 young (49152K), 4 survivors (8192K)
 Metaspace       used 83620K, committed 84480K, reserved 1179648K
  class space    used 10910K, committed 11328K, reserved 1048576K
}
Event: 467.460 GC heap after
{Heap after GC invocations=27 (full 1):
 garbage-first heap   total 96256K, used 34821K [0x0000000703400000, 0x0000000800000000)
  region size 2048K, 3 young (6144K), 3 survivors (6144K)
 Metaspace       used 83620K, committed 84480K, reserved 1179648K
  class space    used 10910K, committed 11328K, reserved 1048576K
}

