# JRE version: OpenJDK Runtime Environment Temurin-21.0.4+7 (21.0.4+7) (build 21.0.4+7-LTS)
# Java VM: OpenJDK 64-Bit Server VM Temurin-21.0.4+7 (21.0.4+7-LTS, mixed mode, emulated-client, tiered, compressed oops, compressed class ptrs, g1 gc, windows-amd64)
GC Precious Log:
 CardTable entry size: 512
 Card Set container configuration: InlinePtr #cards 4 size 8 Array Of Cards #cards 16 size 48 Howl #buckets 8 coarsen threshold 3686 Howl Bitmap #cards 512 size 80 coarsen threshold 460 Card regions per heap region 1 cards per card region 4096
 CPUs: 8 total, 8 available
 Memory: 16172M
 Large Page Support: Disabled
 NUMA Support: Disabled
 Compressed Oops: Enabled (Zero based)
 Heap Region Size: 2M
 Heap Min Capacity: 8M
 Heap Initial Capacity: 254M
 Heap Max Capacity: 4044M
 Pre-touch: Disabled
 Parallel Workers: 8
 Concurrent Workers: 2
 Concurrent Refinement Workers: 8
 Periodic GC: Disabled
Heap:
 garbage-first heap   total 90112K, used 53563K [0x0000000703400000, 0x0000000800000000)
  region size 2048K, 15 young (30720K), 4 survivors (8192K)
 Metaspace       used 83616K, committed 84416K, reserved 1179648K
  class space    used 10954K, committed 11328K, reserved 1048576K
GC Heap History (20 events):
Event: 4.678 GC heap before
{Heap before GC invocations=13 (full 0):
 garbage-first heap   total 55296K, used 45131K [0x0000000703400000, 0x0000000800000000)
  region size 2048K, 14 young (28672K), 2 survivors (4096K)
 Metaspace       used 43709K, committed 44288K, reserved 1114112K
  class space    used 5323K, committed 5568K, reserved 1048576K
}
Event: 4.681 GC heap after
{Heap after GC invocations=14 (full 0):
 garbage-first heap   total 55296K, used 21240K [0x0000000703400000, 0x0000000800000000)
  region size 2048K, 2 young (4096K), 2 survivors (4096K)
 Metaspace       used 43709K, committed 44288K, reserved 1114112K
  class space    used 5323K, committed 5568K, reserved 1048576K
}
Event: 4.952 GC heap before
{Heap before GC invocations=14 (full 0):
 garbage-first heap   total 55296K, used 43768K [0x0000000703400000, 0x0000000800000000)
  region size 2048K, 13 young (26624K), 2 survivors (4096K)
 Metaspace       used 45843K, committed 46400K, reserved 1114112K
  class space    used 5594K, committed 5824K, reserved 1048576K
}
Event: 4.955 GC heap after
{Heap after GC invocations=15 (full 0):
 garbage-first heap   total 157696K, used 21760K [0x0000000703400000, 0x0000000800000000)
  region size 2048K, 1 young (2048K), 1 survivors (2048K)
 Metaspace       used 45843K, committed 46400K, reserved 1114112K
  class space    used 5594K, committed 5824K, reserved 1048576K
}
Event: 6.471 GC heap before
{Heap before GC invocations=15 (full 0):
 garbage-first heap   total 157696K, used 113920K [0x0000000703400000, 0x0000000800000000)
  region size 2048K, 46 young (94208K), 1 survivors (2048K)
 Metaspace       used 57518K, committed 58112K, reserved 1114112K
  class space    used 7176K, committed 7424K, reserved 1048576K
}
Event: 6.475 GC heap after
{Heap after GC invocations=16 (full 0):
 garbage-first heap   total 157696K, used 24534K [0x0000000703400000, 0x0000000800000000)
  region size 2048K, 3 young (6144K), 3 survivors (6144K)
 Metaspace       used 57518K, committed 58112K, reserved 1114112K
  class space    used 7176K, committed 7424K, reserved 1048576K
}
Event: 6.709 GC heap before
{Heap before GC invocations=16 (full 0):
 garbage-first heap   total 157696K, used 47062K [0x0000000703400000, 0x0000000800000000)
  region size 2048K, 15 young (30720K), 3 survivors (6144K)
 Metaspace       used 59507K, committed 60096K, reserved 1114112K
  class space    used 7462K, committed 7744K, reserved 1048576K
}
Event: 6.713 GC heap after
{Heap after GC invocations=17 (full 0):
 garbage-first heap   total 157696K, used 25369K [0x0000000703400000, 0x0000000800000000)
  region size 2048K, 3 young (6144K), 3 survivors (6144K)
 Metaspace       used 59507K, committed 60096K, reserved 1114112K
  class space    used 7462K, committed 7744K, reserved 1048576K
}
Event: 7.158 GC heap before
{Heap before GC invocations=18 (full 0):
 garbage-first heap   total 90112K, used 72473K [0x0000000703400000, 0x0000000800000000)
  region size 2048K, 26 young (53248K), 3 survivors (6144K)
 Metaspace       used 65012K, committed 65664K, reserved 1114112K
  class space    used 8225K, committed 8512K, reserved 1048576K
}
Event: 7.162 GC heap after
{Heap after GC invocations=19 (full 0):
 garbage-first heap   total 90112K, used 26157K [0x0000000703400000, 0x0000000800000000)
  region size 2048K, 3 young (6144K), 3 survivors (6144K)
 Metaspace       used 65012K, committed 65664K, reserved 1114112K
  class space    used 8225K, committed 8512K, reserved 1048576K
}
Event: 7.680 GC heap before
{Heap before GC invocations=19 (full 0):
 garbage-first heap   total 90112K, used 73261K [0x0000000703400000, 0x0000000800000000)
  region size 2048K, 26 young (53248K), 3 survivors (6144K)
 Metaspace       used 69193K, committed 69888K, reserved 1114112K
  class space    used 8956K, committed 9280K, reserved 1048576K
}
Event: 7.684 GC heap after
{Heap after GC invocations=20 (full 0):
 garbage-first heap   total 90112K, used 26875K [0x0000000703400000, 0x0000000800000000)
  region size 2048K, 2 young (4096K), 2 survivors (4096K)
 Metaspace       used 69193K, committed 69888K, reserved 1114112K
  class space    used 8956K, committed 9280K, reserved 1048576K
}
Event: 8.303 GC heap before
{Heap before GC invocations=20 (full 0):
 garbage-first heap   total 90112K, used 73979K [0x0000000703400000, 0x0000000800000000)
  region size 2048K, 26 young (53248K), 2 survivors (4096K)
 Metaspace       used 73798K, committed 74560K, reserved 1114112K
  class space    used 9568K, committed 9920K, reserved 1048576K
}
Event: 8.307 GC heap after
{Heap after GC invocations=21 (full 0):
 garbage-first heap   total 90112K, used 28763K [0x0000000703400000, 0x0000000800000000)
  region size 2048K, 3 young (6144K), 3 survivors (6144K)
 Metaspace       used 73798K, committed 74560K, reserved 1114112K
  class space    used 9568K, committed 9920K, reserved 1048576K
}
Event: 8.617 GC heap before
{Heap before GC invocations=21 (full 0):
 garbage-first heap   total 90112K, used 75867K [0x0000000703400000, 0x0000000800000000)
  region size 2048K, 26 young (53248K), 3 survivors (6144K)
 Metaspace       used 74911K, committed 75648K, reserved 1179648K
  class space    used 9747K, committed 10112K, reserved 1048576K
}
Event: 8.621 GC heap after
{Heap after GC invocations=22 (full 0):
 garbage-first heap   total 90112K, used 30261K [0x0000000703400000, 0x0000000800000000)
  region size 2048K, 3 young (6144K), 3 survivors (6144K)
 Metaspace       used 74911K, committed 75648K, reserved 1179648K
  class space    used 9747K, committed 10112K, reserved 1048576K
}
Event: 9.035 GC heap before
{Heap before GC invocations=22 (full 0):
 garbage-first heap   total 90112K, used 77365K [0x0000000703400000, 0x0000000800000000)
  region size 2048K, 26 young (53248K), 3 survivors (6144K)
 Metaspace       used 77272K, committed 78080K, reserved 1179648K
  class space    used 10083K, committed 10432K, reserved 1048576K
}
Event: 9.040 GC heap after
{Heap after GC invocations=23 (full 0):
 garbage-first heap   total 90112K, used 32554K [0x0000000703400000, 0x0000000800000000)
  region size 2048K, 3 young (6144K), 3 survivors (6144K)
 Metaspace       used 77272K, committed 78080K, reserved 1179648K
  class space    used 10083K, committed 10432K, reserved 1048576K
}
Event: 70.578 GC heap before
{Heap before GC invocations=23 (full 0):
 garbage-first heap   total 90112K, used 75562K [0x0000000703400000, 0x0000000800000000)
  region size 2048K, 25 young (51200K), 3 survivors (6144K)
 Metaspace       used 81852K, committed 82624K, reserved 1179648K
  class space    used 10715K, committed 11072K, reserved 1048576K
}
Event: 70.583 GC heap after
{Heap after GC invocations=24 (full 0):
 garbage-first heap   total 90112K, used 35131K [0x0000000703400000, 0x0000000800000000)
  region size 2048K, 4 young (8192K), 4 survivors (8192K)
 Metaspace       used 81852K, committed 82624K, reserved 1179648K
  class space    used 10715K, committed 11072K, reserved 1048576K
}

